生成启动时间为 2018/9/14 10:12:14。
     1>项目“C:\Users\jhonconal\Desktop\Touch\MTGestures\cpp\MTGestures.vcxproj”在节点 2 上(Build 个目标)。
     1>ClCompile:
         E:\Program Files (x86)\Microsoft Visual Studio 12.0\VC\bin\CL.exe /c /Zi /nologo /W4 /WX /O2 /Oy- /GL /D WIN32 /D NDEBUG /D _WINDOWS /D _UNICODE /D UNICODE /Gm- /EHsc /MD /GS /fp:precise /Zc:wchar_t /Zc:forScope /Fo"C:\Users\jhonconal\Desktop\Touch\MTGestures\cpp\output\TempRelease\\" /Fd"C:\Users\jhonconal\Desktop\Touch\MTGestures\cpp\output\TempRelease\vc120.pdb" /Gd /TP /analyze- /errorReport:prompt DrawingObject.cpp GestureEngine.cpp MTGestures.cpp MyGestureEngine.cpp
         DrawingObject.cpp
         GestureEngine.cpp
         MTGestures.cpp
         MyGestureEngine.cpp
       ResourceCompile:
         C:\Program Files (x86)\Windows Kits\8.1\bin\x86\rc.exe /D _UNICODE /D UNICODE /l"0x0409" /nologo /fo"C:\Users\jhonconal\Desktop\Touch\MTGestures\cpp\output\TempRelease\MTGestures.res" MTGestures.rc 
       Link:
         E:\Program Files (x86)\Microsoft Visual Studio 12.0\VC\bin\link.exe /ERRORREPORT:PROMPT /OUT:"C:\Users\jhonconal\Desktop\Touch\MTGestures\cpp\output\Release\MTGestures.exe" /INCREMENTAL:NO /NOLOGO kernel32.lib user32.lib gdi32.lib winspool.lib comdlg32.lib advapi32.lib shell32.lib ole32.lib oleaut32.lib uuid.lib odbc32.lib odbccp32.lib /MANIFEST /MANIFESTUAC:"level='asInvoker' uiAccess='false'" /manifest:embed /DEBUG /PDB:"C:\Users\jhonconal\Desktop\Touch\MTGestures\cpp\output\Release\MTGestures.pdb" /SUBSYSTEM:WINDOWS /OPT:REF /OPT:ICF /LTCG /TLBID:1 /DYNAMICBASE:NO /IMPLIB:"C:\Users\jhonconal\Desktop\Touch\MTGestures\cpp\output\Release\MTGestures.lib" /MACHINE:X86 /SAFESEH C:\Users\jhonconal\Desktop\Touch\MTGestures\cpp\output\TempRelease\MTGestures.res
         C:\Users\jhonconal\Desktop\Touch\MTGestures\cpp\output\TempRelease\DrawingObject.obj
         C:\Users\jhonconal\Desktop\Touch\MTGestures\cpp\output\TempRelease\GestureEngine.obj
         C:\Users\jhonconal\Desktop\Touch\MTGestures\cpp\output\TempRelease\MTGestures.obj
         C:\Users\jhonconal\Desktop\Touch\MTGestures\cpp\output\TempRelease\MyGestureEngine.obj
         正在生成代码
         已完成代码的生成
         MTGestures.vcxproj -> C:\Users\jhonconal\Desktop\Touch\MTGestures\cpp\output\Release\MTGestures.exe
     1>已完成生成项目“C:\Users\jhonconal\Desktop\Touch\MTGestures\cpp\MTGestures.vcxproj”(Build 个目标)的操作。

生成成功。

已用时间 00:00:03.36
