生成启动时间为 2018/9/14 10:08:09。
     1>项目“C:\Users\jhonconal\Desktop\Touch\MTManipulationInertia\cpp\ManipulationSample.vcxproj”在节点 2 上(Build 个目标)。
     1>ClCompile:
         E:\Program Files (x86)\Microsoft Visual Studio 12.0\VC\bin\CL.exe /c /ZI /nologo /W4 /WX /Od /Oy- /D WIN32 /D _DEBUG /D _WINDOWS /D _UNICODE /D UNICODE /Gm /EHsc /RTC1 /MDd /GS /Gy- /fp:precise /Zc:wchar_t /Zc:forScope /Fo"C:\Users\jhonconal\Desktop\Touch\MTManipulationInertia\cpp\output\TempDebug\\" /Fd"C:\Users\jhonconal\Desktop\Touch\MTManipulationInertia\cpp\output\TempDebug\vc120.pdb" /Gd /TP /analyze- /errorReport:prompt ComTouchDriver.cpp CoreObject.cpp D2DDriver.cpp DrawingObject.cpp ManipulationEventsink.cpp ManipulationSample.cpp
         ManipulationSample.cpp
         ManipulationEventsink.cpp
         DrawingObject.cpp
         D2DDriver.cpp
         CoreObject.cpp
         ComTouchDriver.cpp
         正在生成代码...
       ResourceCompile:
         C:\Program Files (x86)\Windows Kits\8.1\bin\x86\rc.exe /D _UNICODE /D UNICODE /l"0x0409" /nologo /fo"C:\Users\jhonconal\Desktop\Touch\MTManipulationInertia\cpp\output\TempDebug\ManipulationSample.res" ManipulationSample.rc 
       Link:
         E:\Program Files (x86)\Microsoft Visual Studio 12.0\VC\bin\link.exe /ERRORREPORT:PROMPT /OUT:"C:\Users\jhonconal\Desktop\Touch\MTManipulationInertia\cpp\output\Debug\ManipulationSample.exe" /INCREMENTAL /NOLOGO d2d1.lib kernel32.lib user32.lib gdi32.lib winspool.lib comdlg32.lib advapi32.lib shell32.lib ole32.lib oleaut32.lib uuid.lib odbc32.lib odbccp32.lib /MANIFEST /MANIFESTUAC:"level='asInvoker' uiAccess='false'" /manifest:embed /DEBUG /PDB:"C:\Users\jhonconal\Desktop\Touch\MTManipulationInertia\cpp\output\Debug\ManipulationSample" /SUBSYSTEM:WINDOWS /TLBID:1 /DYNAMICBASE:NO /IMPLIB:"C:\Users\jhonconal\Desktop\Touch\MTManipulationInertia\cpp\output\Debug\ManipulationSample.lib" /MACHINE:X86 /SAFESEH C:\Users\jhonconal\Desktop\Touch\MTManipulationInertia\cpp\output\TempDebug\ManipulationSample.res
         C:\Users\jhonconal\Desktop\Touch\MTManipulationInertia\cpp\output\TempDebug\ComTouchDriver.obj
         C:\Users\jhonconal\Desktop\Touch\MTManipulationInertia\cpp\output\TempDebug\CoreObject.obj
         C:\Users\jhonconal\Desktop\Touch\MTManipulationInertia\cpp\output\TempDebug\D2DDriver.obj
         C:\Users\jhonconal\Desktop\Touch\MTManipulationInertia\cpp\output\TempDebug\DrawingObject.obj
         C:\Users\jhonconal\Desktop\Touch\MTManipulationInertia\cpp\output\TempDebug\ManipulationEventsink.obj
         C:\Users\jhonconal\Desktop\Touch\MTManipulationInertia\cpp\output\TempDebug\ManipulationSample.obj
     1>ComTouchDriver.obj : warning LNK4075: 忽略“/EDITANDCONTINUE”(由于“/SAFESEH”规范)
         ManipulationSample.vcxproj -> C:\Users\jhonconal\Desktop\Touch\MTManipulationInertia\cpp\output\Debug\ManipulationSample.exe
     1>已完成生成项目“C:\Users\jhonconal\Desktop\Touch\MTManipulationInertia\cpp\ManipulationSample.vcxproj”(Build 个目标)的操作。

生成成功。

已用时间 00:00:07.31
